0 info it worked if it ends with ok
1 verbose cli [ 'node', '/usr/local/bin/npm', 'install', '-g', 'ionic' ]
2 info using npm@1.4.28
3 info using node@v0.10.36
4 verbose cache add [ 'ionic', null ]
5 verbose cache add name=undefined spec="ionic" args=["ionic",null]
6 verbose parsed url { protocol: null,
6 verbose parsed url   slashes: null,
6 verbose parsed url   auth: null,
6 verbose parsed url   host: null,
6 verbose parsed url   port: null,
6 verbose parsed url   hostname: null,
6 verbose parsed url   hash: null,
6 verbose parsed url   search: null,
6 verbose parsed url   query: null,
6 verbose parsed url   pathname: 'ionic',
6 verbose parsed url   path: 'ionic',
6 verbose parsed url   href: 'ionic' }
7 silly lockFile 00d10074-ionic ionic
8 verbose lock ionic /Users/arandasoedjono/.npm/00d10074-ionic.lock
9 silly lockFile 00d10074-ionic ionic
10 silly lockFile 00d10074-ionic ionic
11 verbose addNamed [ 'ionic', '' ]
12 verbose addNamed [ null, '*' ]
13 silly lockFile 966fc04a-ionic ionic@
14 verbose lock ionic@ /Users/arandasoedjono/.npm/966fc04a-ionic.lock
15 silly addNameRange { name: 'ionic', range: '*', hasData: false }
16 verbose request where is /ionic
17 verbose request registry https://registry.npmjs.org/
18 verbose request id 4afbb95468629ad5
19 verbose url raw /ionic
20 verbose url resolving [ 'https://registry.npmjs.org/', './ionic' ]
21 verbose url resolved https://registry.npmjs.org/ionic
22 verbose request where is https://registry.npmjs.org/ionic
23 info trying registry request attempt 1 at 11:15:42
24 verbose etag "87T7D0OYEIM48LBAK65KDNHCC"
25 http GET https://registry.npmjs.org/ionic
26 http 304 https://registry.npmjs.org/ionic
27 silly registry.get cb [ 304,
27 silly registry.get   { date: 'Wed, 21 Oct 2015 04:15:44 GMT',
27 silly registry.get     via: '1.1 varnish',
27 silly registry.get     'cache-control': 'max-age=60',
27 silly registry.get     etag: '"87T7D0OYEIM48LBAK65KDNHCC"',
27 silly registry.get     age: '58',
27 silly registry.get     connection: 'keep-alive',
27 silly registry.get     'x-served-by': 'cache-lax1427-LAX',
27 silly registry.get     'x-cache': 'HIT',
27 silly registry.get     'x-cache-hits': '2',
27 silly registry.get     'x-timer': 'S1445400944.287903,VS0,VE0',
27 silly registry.get     vary: 'Accept' } ]
28 verbose etag https://registry.npmjs.org/ionic from cache
29 silly addNameRange number 2 { name: 'ionic', range: '*', hasData: true }
30 silly addNameRange versions [ 'ionic',
30 silly addNameRange   [ '0.9.6',
30 silly addNameRange     '0.9.8',
30 silly addNameRange     '0.9.9',
30 silly addNameRange     '0.9.10',
30 silly addNameRange     '0.9.11',
30 silly addNameRange     '0.9.12',
30 silly addNameRange     '0.9.13',
30 silly addNameRange     '0.9.14',
30 silly addNameRange     '0.9.15',
30 silly addNameRange     '0.9.16',
30 silly addNameRange     '1.0.0-beta.1',
30 silly addNameRange     '1.0.0-beta',
30 silly addNameRange     '1.0.1-beta',
30 silly addNameRange     '1.0.3-beta',
30 silly addNameRange     '1.0.4',
30 silly addNameRange     '1.0.5',
30 silly addNameRange     '1.0.6',
30 silly addNameRange     '1.0.7',
30 silly addNameRange     '1.0.8',
30 silly addNameRange     '1.0.9',
30 silly addNameRange     '1.0.10',
30 silly addNameRange     '1.0.11',
30 silly addNameRange     '1.0.12',
30 silly addNameRange     '1.0.13',
30 silly addNameRange     '1.0.14',
30 silly addNameRange     '1.0.15',
30 silly addNameRange     '1.0.16',
30 silly addNameRange     '1.0.17',
30 silly addNameRange     '1.1.0-beta1',
30 silly addNameRange     '1.1.0-beta2',
30 silly addNameRange     '1.1.0-beta3',
30 silly addNameRange     '1.1.0-beta4',
30 silly addNameRange     '1.1.0-beta5',
30 silly addNameRange     '1.1.0-beta6',
30 silly addNameRange     '1.1.0',
30 silly addNameRange     '1.1.1-beta1',
30 silly addNameRange     '1.1.1-beta2',
30 silly addNameRange     '1.1.1-beta3',
30 silly addNameRange     '1.1.1',
30 silly addNameRange     '1.1.3',
30 silly addNameRange     '1.1.4',
30 silly addNameRange     '1.1.5-beta1',
30 silly addNameRange     '1.1.5-beta2',
30 silly addNameRange     '1.1.5-beta3',
30 silly addNameRange     '1.1.5-beta4',
30 silly addNameRange     '1.1.5-beta5',
30 silly addNameRange     '1.1.5',
30 silly addNameRange     '1.1.6',
30 silly addNameRange     '1.1.7-beta1',
30 silly addNameRange     '1.1.7',
30 silly addNameRange     '1.1.8-beta1',
30 silly addNameRange     '1.1.8-beta2',
30 silly addNameRange     '1.1.8-beta3',
30 silly addNameRange     '1.1.8-beta4',
30 silly addNameRange     '1.1.8-beta5',
30 silly addNameRange     '1.1.8',
30 silly addNameRange     '1.1.9-beta1',
30 silly addNameRange     '1.1.9',
30 silly addNameRange     '1.1.10',
30 silly addNameRange     '1.1.11-beta1',
30 silly addNameRange     '1.1.11-beta2',
30 silly addNameRange     '1.1.11',
30 silly addNameRange     '1.1.12-beta1',
30 silly addNameRange     '1.1.12-beta2',
30 silly addNameRange     '1.1.12-beta3',
30 silly addNameRange     '1.1.12',
30 silly addNameRange     '1.1.13',
30 silly addNameRange     '1.1.14-beta1',
30 silly addNameRange     '1.1.14-beta2',
30 silly addNameRange     '1.1.14-beta3',
30 silly addNameRange     '1.2.0-beta1',
30 silly addNameRange     '1.2.0',
30 silly addNameRange     '1.2.1-beta1',
30 silly addNameRange     '1.2.1-beta2',
30 silly addNameRange     '1.2.1-beta3',
30 silly addNameRange     '1.2.1-beta4',
30 silly addNameRange     '1.2.1',
30 silly addNameRange     '1.2.2',
30 silly addNameRange     '1.2.3-beta1',
30 silly addNameRange     '1.2.3-beta2',
30 silly addNameRange     '1.2.3-beta3',
30 silly addNameRange     '1.2.3',
30 silly addNameRange     '1.2.4-beta1',
30 silly addNameRange     '1.2.4-beta2',
30 silly addNameRange     '1.2.4-beta3',
30 silly addNameRange     '1.2.4',
30 silly addNameRange     '1.2.5-beta1',
30 silly addNameRange     '1.2.5-beta2',
30 silly addNameRange     '1.2.5-beta3',
30 silly addNameRange     '1.2.5',
30 silly addNameRange     '1.2.6-beta1',
30 silly addNameRange     '1.2.6-beta2',
30 silly addNameRange     '1.2.6-beta3',
30 silly addNameRange     '1.2.6',
30 silly addNameRange     '1.2.7',
30 silly addNameRange     '1.2.8-beta1',
30 silly addNameRange     '1.2.8-beta2',
30 silly addNameRange     '1.2.8',
30 silly addNameRange     '1.2.9',
30 silly addNameRange     '1.2.10',
30 silly addNameRange     '1.2.11',
30 silly addNameRange     '1.2.12',
30 silly addNameRange     '1.2.13',
30 silly addNameRange     '1.2.14-beta1',
30 silly addNameRange     '1.2.14-beta2',
30 silly addNameRange     '1.2.14-beta3',
30 silly addNameRange     '1.2.14-beta4',
30 silly addNameRange     '1.2.14-beta5',
30 silly addNameRange     '1.2.14-beta6',
30 silly addNameRange     '1.2.14',
30 silly addNameRange     '1.3.0-beta1',
30 silly addNameRange     '1.3.0',
30 silly addNameRange     '1.3.1',
30 silly addNameRange     '1.3.2',
30 silly addNameRange     '1.3.3',
30 silly addNameRange     '1.3.4',
30 silly addNameRange     '1.3.5',
30 silly addNameRange     '1.3.6',
30 silly addNameRange     '1.3.7',
30 silly addNameRange     '1.3.8',
30 silly addNameRange     '1.3.9',
30 silly addNameRange     '1.3.10',
30 silly addNameRange     '1.4.0-alpha.1',
30 silly addNameRange     '1.3.11',
30 silly addNameRange     '1.3.1-1.alpha.0',
30 silly addNameRange     '1.4.0-alpha.2',
30 silly addNameRange     '1.3.12',
30 silly addNameRange     '1.3.12-beta.1',
30 silly addNameRange     '1.3.12-beta.2',
30 silly addNameRange     '1.3.13-beta.0',
30 silly addNameRange     '1.3.1-3.beta.1',
30 silly addNameRange     '1.3.1-3.beta.2',
30 silly addNameRange     '1.3.13',
30 silly addNameRange     '1.3.1-3.beta.4',
30 silly addNameRange     '1.3.14-beta',
30 silly addNameRange     '1.3.14-beta.1',
30 silly addNameRange     '1.4.0-alpha.3',
30 silly addNameRange     '1.3.14',
30 silly addNameRange     '1.4.0-alpha.4',
30 silly addNameRange     '1.4.0-alpha.5',
30 silly addNameRange     '1.3.15-beta.0',
30 silly addNameRange     '1.3.15-beta.1',
30 silly addNameRange     '1.3.15-beta.2',
30 silly addNameRange     '1.3.15-beta.3',
30 silly addNameRange     '1.3.15-beta.4',
30 silly addNameRange     '1.3.15',
30 silly addNameRange     '1.3.16',
30 silly addNameRange     '1.4.0-alpha.6',
30 silly addNameRange     '1.3.17-beta.0',
30 silly addNameRange     '1.3.17-beta.1',
30 silly addNameRange     '1.3.17-beta.2',
30 silly addNameRange     '1.3.17-beta.3',
30 silly addNameRange     '1.3.1-7.beta.4',
30 silly addNameRange     '1.3.17',
30 silly addNameRange     '1.3.18-beta.0',
30 silly addNameRange     '1.3.18-beta.1',
30 silly addNameRange     '1.3.18-beta.2',
30 silly addNameRange     '1.3.18-beta.3',
30 silly addNameRange     '1.3.18',
30 silly addNameRange     '1.3.19-beta.0',
30 silly addNameRange     '1.3.19-beta.1',
30 silly addNameRange     '1.3.19-beta.2',
30 silly addNameRange     '1.3.19-beta.3',
30 silly addNameRange     '1.3.19-beta.4',
30 silly addNameRange     '1.3.19',
30 silly addNameRange     '1.3.20',
30 silly addNameRange     '1.4.1-beta.0',
30 silly addNameRange     '1.4.0-beta.1',
30 silly addNameRange     '1.4.0-beta.2',
30 silly addNameRange     '1.4.0-beta.3',
30 silly addNameRange     '1.4.0-beta.5',
30 silly addNameRange     '1.4.0-beta.6',
30 silly addNameRange     '1.4.0-beta.7',
30 silly addNameRange     '1.3.21-beta.0',
30 silly addNameRange     '1.3.21-beta.1',
30 silly addNameRange     '1.3.21',
30 silly addNameRange     '1.3.22',
30 silly addNameRange     '1.4.0-beta.8',
30 silly addNameRange     '1.4.0-beta.9',
30 silly addNameRange     '1.4.0-beta.10',
30 silly addNameRange     '1.4.0-beta.11',
30 silly addNameRange     '1.4.0-beta.12',
30 silly addNameRange     '1.4.0-beta.13',
30 silly addNameRange     '1.4.0-beta.14',
30 silly addNameRange     '1.4.0-beta.15',
30 silly addNameRange     '1.4.0-beta.16',
30 silly addNameRange     '1.4.0-beta.17',
30 silly addNameRange     '1.4.0-beta.18',
30 silly addNameRange     '1.4.0',
30 silly addNameRange     '1.4.1',
30 silly addNameRange     '1.4.2',
30 silly addNameRange     '1.4.3',
30 silly addNameRange     '1.4.4-beta.0',
30 silly addNameRange     '1.4.4-beta.2',
30 silly addNameRange     '1.4.4',
30 silly addNameRange     '1.4.5-beta.0',
30 silly addNameRange     '1.4.5-beta.1',
30 silly addNameRange     '1.4.5-beta.2',
30 silly addNameRange     '1.4.5-beta.3',
30 silly addNameRange     '1.4.5',
30 silly addNameRange     '1.4.6-beta.0',
30 silly addNameRange     '1.4.6',
30 silly addNameRange     '1.4.7',
30 silly addNameRange     '1.4.8',
30 silly addNameRange     '1.5.0-beta.0',
30 silly addNameRange     '1.5.0-beta.1',
30 silly addNameRange     '1.5.0',
30 silly addNameRange     '1.5.1-beta.0',
30 silly addNameRange     '1.5.1-beta.1',
30 silly addNameRange     '1.5.1-beta.2',
30 silly addNameRange     '1.5.1-beta.3',
30 silly addNameRange     '1.5.1-beta.4',
30 silly addNameRange     '1.5.1',
30 silly addNameRange     '1.5.2',
30 silly addNameRange     '1.5.3',
30 silly addNameRange     '1.5.4',
30 silly addNameRange     '1.5.5',
30 silly addNameRange     '1.6.0-beta.1',
30 silly addNameRange     '1.6.0',
30 silly addNameRange     '1.6.1',
30 silly addNameRange     '1.6.2-beta.0',
30 silly addNameRange     '1.6.2-beta.1',
30 silly addNameRange     '1.6.2-beta.2',
30 silly addNameRange     '1.6.2',
30 silly addNameRange     '1.6.3-beta.0',
30 silly addNameRange     '1.6.3-beta.1',
30 silly addNameRange     '1.6.3',
30 silly addNameRange     '1.6.4-beta.0',
30 silly addNameRange     '1.6.4-beta.1',
30 silly addNameRange     '1.6.4',
30 silly addNameRange     '1.7.0-beta.0',
30 silly addNameRange     '1.7.0-beta.1',
30 silly addNameRange     '1.7.0-beta.2',
30 silly addNameRange     '1.7.0-beta.3',
30 silly addNameRange     '2.0.0-alpha.1',
30 silly addNameRange     '2.0.0-alpha.3',
30 silly addNameRange     '1.7.0-beta.4',
30 silly addNameRange     '1.6.5-testing.0',
30 silly addNameRange     '1.6.5-testing.1',
30 silly addNameRange     '1.6.5-testing.2',
30 silly addNameRange     '1.6.5-testing.3',
30 silly addNameRange     '1.6.5',
30 silly addNameRange     '2.0.0-alpha.4',
30 silly addNameRange     '1.7.0-beta.5',
30 silly addNameRange     '1.7.0-beta.6',
30 silly addNameRange     '1.7.0',
30 silly addNameRange     '2.0.0-alpha.5',
30 silly addNameRange     '2.0.0-alpha.6',
30 silly addNameRange     '1.7.1',
30 silly addNameRange     '2.0.0-alpha.7',
30 silly addNameRange     '2.0.0-alpha.8',
30 silly addNameRange     '1.7.2',
30 silly addNameRange     '1.7.3',
30 silly addNameRange     '1.7.4',
30 silly addNameRange     '1.7.5',
30 silly addNameRange     '1.7.6',
30 silly addNameRange     '1.7.7-beta.0',
30 silly addNameRange     '2.0.0-alpha.9',
30 silly addNameRange     '1.7.7' ] ]
31 verbose addNamed [ 'ionic', '1.7.7' ]
32 verbose addNamed [ '1.7.7', '1.7.7' ]
33 silly lockFile 1ab96f84-ionic-1-7-7 ionic@1.7.7
34 verbose lock ionic@1.7.7 /Users/arandasoedjono/.npm/1ab96f84-ionic-1-7-7.lock
35 silly lockFile 7becdca7--npmjs-org-ionic-ionic-1-7-7-tgz https://registry.npmjs.org/ionic/-/ionic-1.7.7.tgz
36 verbose lock https://registry.npmjs.org/ionic/-/ionic-1.7.7.tgz /Users/arandasoedjono/.npm/7becdca7--npmjs-org-ionic-ionic-1-7-7-tgz.lock
37 verbose addRemoteTarball [ 'https://registry.npmjs.org/ionic/-/ionic-1.7.7.tgz',
37 verbose addRemoteTarball   'dcf2e1b290abab417e77f07a980e798ae83518bc' ]
38 info retry fetch attempt 1 at 11:15:44
39 verbose fetch to= /var/folders/gd/cgvkc00s3wg1d8nx5nx5f7pm0000gn/T/npm-686-aa2dUSre/registry.npmjs.org/ionic/-/ionic-1.7.7.tgz
40 http GET https://registry.npmjs.org/ionic/-/ionic-1.7.7.tgz
41 http 200 https://registry.npmjs.org/ionic/-/ionic-1.7.7.tgz
42 silly lockFile 7becdca7--npmjs-org-ionic-ionic-1-7-7-tgz https://registry.npmjs.org/ionic/-/ionic-1.7.7.tgz
43 silly lockFile 7becdca7--npmjs-org-ionic-ionic-1-7-7-tgz https://registry.npmjs.org/ionic/-/ionic-1.7.7.tgz
44 silly lockFile 1ab96f84-ionic-1-7-7 ionic@1.7.7
45 silly lockFile 1ab96f84-ionic-1-7-7 ionic@1.7.7
46 silly lockFile 966fc04a-ionic ionic@
47 silly lockFile 966fc04a-ionic ionic@
48 error Error: EACCES, mkdir '/Users/arandasoedjono/.npm/ionic/1.7.7'
48 error  { [Error: EACCES, mkdir '/Users/arandasoedjono/.npm/ionic/1.7.7']
48 error   errno: 3,
48 error   code: 'EACCES',
48 error   path: '/Users/arandasoedjono/.npm/ionic/1.7.7' }
49 error Please try running this command again as root/Administrator.
50 error System Darwin 14.5.0
51 error command "node" "/usr/local/bin/npm" "install" "-g" "ionic"
52 error cwd /Users/arandasoedjono/Documents/Projects/Sales Force Automation/mSFA
53 error node -v v0.10.36
54 error npm -v 1.4.28
55 error path /Users/arandasoedjono/.npm/ionic/1.7.7
56 error code EACCES
57 error errno 3
58 error stack Error: EACCES, mkdir '/Users/arandasoedjono/.npm/ionic/1.7.7'
59 verbose exit [ 3, true ]
